TN:
SF:src\accounts\accounts.controller.ts
FN:14,(anonymous_4)
FN:18,(anonymous_5)
FN:32,(anonymous_6)
FNF:3
FNH:3
FNDA:4,(anonymous_4)
FNDA:3,(anonymous_5)
FNDA:1,(anonymous_6)
DA:1,1
DA:2,1
DA:3,1
DA:4,1
DA:13,1
DA:14,4
DA:18,1
DA:23,3
DA:32,1
DA:33,1
LF:10
LH:10
BRDA:25,0,0,1
BRDA:25,0,1,2
BRDA:26,1,0,1
BRDA:26,1,1,2
BRDA:14,2,0,1
BRDA:14,2,1,0
BRDA:14,3,0,1
BRDA:14,3,1,1
BRF:8
BRH:7
end_of_record
TN:
SF:src\accounts\accounts.service.ts
FN:9,(anonymous_4)
FN:11,(anonymous_5)
FN:15,(anonymous_6)
FN:41,(anonymous_7)
FNF:4
FNH:4
FNDA:6,(anonymous_4)
FNDA:6,(anonymous_5)
FNDA:4,(anonymous_6)
FNDA:2,(anonymous_7)
DA:1,2
DA:2,2
DA:3,2
DA:5,2
DA:8,2
DA:9,6
DA:12,6
DA:16,4
DA:17,4
DA:18,4
DA:20,4
DA:22,4
DA:23,1
DA:24,1
DA:33,4
DA:38,4
DA:42,2
DA:48,2
DA:49,1
DA:51,1
LF:20
LH:20
BRDA:16,0,0,4
BRDA:16,0,1,3
BRDA:17,1,0,4
BRDA:17,1,1,2
BRDA:22,2,0,1
BRDA:22,2,1,3
BRDA:48,3,0,1
BRDA:48,3,1,1
BRF:8
BRH:8
end_of_record
TN:
SF:src\auth\auth.controller.ts
FN:13,(anonymous_4)
FN:16,(anonymous_5)
FNF:2
FNH:2
FNDA:3,(anonymous_4)
FNDA:3,(anonymous_5)
DA:1,1
DA:2,1
DA:3,1
DA:12,1
DA:13,3
DA:16,1
DA:17,3
LF:7
LH:7
BRDA:13,0,0,1
BRDA:13,0,1,0
BRDA:13,1,0,1
BRDA:13,1,1,1
BRF:4
BRH:3
end_of_record
TN:
SF:src\auth\auth.service.ts
FN:5,requireEnv
FN:36,(anonymous_12)
FN:38,(anonymous_13)
FN:39,(anonymous_14)
FNF:4
FNH:4
FNDA:2,requireEnv
FNDA:4,(anonymous_12)
FNDA:4,(anonymous_13)
FNDA:6,(anonymous_14)
DA:1,1
DA:2,1
DA:3,1
DA:6,2
DA:7,2
DA:8,0
DA:12,2
DA:19,1
DA:35,1
DA:36,4
DA:39,6
DA:40,4
DA:41,1
DA:44,3
DA:45,3
DA:46,1
DA:49,2
DA:55,2
LF:18
LH:17
BRDA:7,0,0,0
BRDA:7,0,1,2
BRDA:40,1,0,1
BRDA:40,1,1,3
BRDA:45,2,0,1
BRDA:45,2,1,2
BRDA:36,3,0,1
BRDA:36,3,1,0
BRDA:36,4,0,1
BRDA:36,4,1,1
BRF:10
BRH:8
end_of_record
TN:
SF:src\auth\casbin.guard.ts
FN:16,(anonymous_11)
FN:18,(anonymous_12)
FN:28,(anonymous_13)
FN:34,(anonymous_14)
FN:36,(anonymous_15)
FN:45,(anonymous_16)
FNF:6
FNH:6
FNDA:5,(anonymous_11)
FNDA:15,(anonymous_12)
FNDA:1,(anonymous_13)
FNDA:35,(anonymous_14)
FNDA:5,(anonymous_15)
FNDA:10,(anonymous_16)
DA:1,7
DA:8,7
DA:9,7
DA:10,7
DA:13,7
DA:14,7
DA:15,7
DA:16,7
DA:17,5
DA:18,7
DA:19,15
DA:27,7
DA:28,7
DA:31,7
DA:32,35
DA:34,35
DA:37,5
DA:38,5
DA:39,5
DA:40,5
DA:42,5
DA:47,10
DA:51,10
DA:52,1
DA:55,9
DA:59,9
DA:65,9
DA:66,3
DA:72,6
DA:73,6
DA:75,6
DA:76,1
DA:79,5
DA:80,5
DA:82,5
DA:83,2
DA:88,3
LF:37
LH:37
BRDA:37,0,0,5
BRDA:37,0,1,0
BRDA:51,1,0,1
BRDA:51,1,1,9
BRDA:65,2,0,3
BRDA:65,2,1,6
BRDA:65,3,0,9
BRDA:65,3,1,7
BRDA:75,4,0,1
BRDA:75,4,1,5
BRDA:82,5,0,2
BRDA:82,5,1,3
BRDA:34,6,0,7
BRDA:34,6,1,0
BRDA:34,7,0,7
BRDA:34,7,1,7
BRF:16
BRH:14
end_of_record
TN:
SF:src\dashboard\dashboard.controller.ts
FN:14,(anonymous_2)
FN:18,(anonymous_3)
FNF:2
FNH:2
FNDA:1,(anonymous_2)
FNDA:1,(anonymous_3)
DA:1,1
DA:2,1
DA:3,1
DA:4,1
DA:13,1
DA:14,1
DA:18,1
DA:19,1
LF:8
LH:8
BRDA:14,0,0,1
BRDA:14,0,1,0
BRDA:14,1,0,1
BRDA:14,1,1,1
BRF:4
BRH:3
end_of_record
TN:
SF:src\dashboard\dashboard.service.ts
FN:9,(anonymous_4)
FN:11,(anonymous_5)
FN:15,(anonymous_6)
FNF:3
FNH:3
FNDA:1,(anonymous_4)
FNDA:4,(anonymous_5)
FNDA:1,(anonymous_6)
DA:1,2
DA:2,2
DA:3,2
DA:5,2
DA:8,2
DA:9,1
DA:12,4
DA:16,1
DA:20,1
DA:24,1
DA:28,1
DA:32,1
LF:12
LH:12
BRF:0
BRH:0
end_of_record
TN:
SF:src\gst\gst-categories.controller.ts
FN:10,(anonymous_4)
FN:14,(anonymous_5)
FN:20,(anonymous_6)
FNF:3
FNH:0
FNDA:0,(anonymous_4)
FNDA:0,(anonymous_5)
FNDA:0,(anonymous_6)
DA:1,0
DA:2,0
DA:3,0
DA:4,0
DA:9,0
DA:10,0
DA:14,0
DA:15,0
DA:20,0
DA:21,0
LF:10
LH:0
BRDA:10,0,0,0
BRDA:10,0,1,0
BRDA:10,1,0,0
BRDA:10,1,1,0
BRF:4
BRH:0
end_of_record
TN:
SF:src\gst\gst-categories.service.ts
FN:9,(anonymous_4)
FN:11,(anonymous_5)
FN:15,(anonymous_6)
FN:19,(anonymous_7)
FN:31,(anonymous_8)
FN:43,(anonymous_9)
FNF:6
FNH:0
FNDA:0,(anonymous_4)
FNDA:0,(anonymous_5)
FNDA:0,(anonymous_6)
FNDA:0,(anonymous_7)
FNDA:0,(anonymous_8)
FNDA:0,(anonymous_9)
DA:1,2
DA:2,2
DA:3,2
DA:5,2
DA:8,2
DA:9,0
DA:12,0
DA:16,0
DA:20,0
DA:25,0
DA:26,0
DA:28,0
DA:32,0
DA:37,0
DA:38,0
DA:40,0
DA:44,0
DA:49,0
DA:50,0
DA:52,0
LF:20
LH:5
BRDA:25,0,0,0
BRDA:25,0,1,0
BRDA:37,1,0,0
BRDA:37,1,1,0
BRDA:49,2,0,0
BRDA:49,2,1,0
BRF:6
BRH:0
end_of_record
TN:
SF:src\inventory\inventory.controller.ts
FN:14,(anonymous_4)
FN:18,(anonymous_5)
FN:34,(anonymous_6)
FNF:3
FNH:3
FNDA:5,(anonymous_4)
FNDA:3,(anonymous_5)
FNDA:2,(anonymous_6)
DA:1,1
DA:2,1
DA:3,1
DA:4,1
DA:13,1
DA:14,5
DA:18,1
DA:24,3
DA:34,1
DA:40,2
LF:10
LH:10
BRDA:26,0,0,1
BRDA:26,0,1,2
BRDA:27,1,0,1
BRDA:27,1,1,2
BRDA:42,2,0,1
BRDA:42,2,1,1
BRDA:43,3,0,1
BRDA:43,3,1,1
BRDA:14,4,0,1
BRDA:14,4,1,0
BRDA:14,5,0,1
BRDA:14,5,1,1
BRF:12
BRH:11
end_of_record
TN:
SF:src\inventory\inventory.service.ts
FN:9,(anonymous_4)
FN:11,(anonymous_5)
FN:15,(anonymous_6)
FN:45,(anonymous_7)
FNF:4
FNH:4
FNDA:5,(anonymous_4)
FNDA:5,(anonymous_5)
FNDA:3,(anonymous_6)
FNDA:2,(anonymous_7)
DA:1,2
DA:2,2
DA:3,2
DA:5,2
DA:8,2
DA:9,5
DA:12,5
DA:16,3
DA:17,3
DA:18,3
DA:20,3
DA:22,3
DA:23,1
DA:24,1
DA:33,3
DA:34,0
DA:37,3
DA:42,3
DA:46,2
DA:47,2
DA:48,2
DA:50,2
DA:52,2
DA:53,1
DA:54,1
DA:63,2
DA:64,0
DA:67,2
DA:72,2
LF:29
LH:27
BRDA:16,0,0,3
BRDA:16,0,1,3
BRDA:17,1,0,3
BRDA:17,1,1,2
BRDA:22,2,0,1
BRDA:22,2,1,2
BRDA:33,3,0,0
BRDA:33,3,1,3
BRDA:46,4,0,2
BRDA:46,4,1,2
BRDA:47,5,0,2
BRDA:47,5,1,2
BRDA:52,6,0,1
BRDA:52,6,1,1
BRDA:63,7,0,0
BRDA:63,7,1,2
BRF:16
BRH:14
end_of_record
TN:
SF:src\orders\orders-write.service.ts
FN:76,(anonymous_4)
FN:81,(anonymous_5)
FN:88,(anonymous_6)
FN:111,(anonymous_7)
FN:134,(anonymous_8)
FN:158,(anonymous_9)
FN:177,(anonymous_10)
FN:192,(anonymous_11)
FN:221,(anonymous_12)
FN:233,(anonymous_13)
FN:304,(anonymous_14)
FN:313,(anonymous_15)
FN:345,(anonymous_16)
FN:360,(anonymous_17)
FN:381,(anonymous_18)
FN:424,(anonymous_19)
FN:464,(anonymous_20)
FN:494,(anonymous_21)
FN:540,(anonymous_22)
FN:551,(anonymous_23)
FN:572,(anonymous_24)
FN:594,(anonymous_25)
FN:607,(anonymous_26)
FNF:23
FNH:0
FNDA:0,(anonymous_4)
FNDA:0,(anonymous_5)
FNDA:0,(anonymous_6)
FNDA:0,(anonymous_7)
FNDA:0,(anonymous_8)
FNDA:0,(anonymous_9)
FNDA:0,(anonymous_10)
FNDA:0,(anonymous_11)
FNDA:0,(anonymous_12)
FNDA:0,(anonymous_13)
FNDA:0,(anonymous_14)
FNDA:0,(anonymous_15)
FNDA:0,(anonymous_16)
FNDA:0,(anonymous_17)
FNDA:0,(anonymous_18)
FNDA:0,(anonymous_19)
FNDA:0,(anonymous_20)
FNDA:0,(anonymous_21)
FNDA:0,(anonymous_22)
FNDA:0,(anonymous_23)
FNDA:0,(anonymous_24)
FNDA:0,(anonymous_25)
FNDA:0,(anonymous_26)
DA:1,2
DA:7,2
DA:8,2
DA:10,2
DA:16,2
DA:17,2
DA:18,2
DA:21,2
DA:31,2
DA:75,2
DA:77,0
DA:78,0
DA:82,0
DA:89,0
DA:90,0
DA:93,0
DA:100,0
DA:104,0
DA:117,0
DA:118,0
DA:119,0
DA:120,0
DA:121,0
DA:122,0
DA:136,0
DA:142,0
DA:144,0
DA:145,0
DA:146,0
DA:150,0
DA:151,0
DA:159,0
DA:168,0
DA:169,0
DA:171,0
DA:178,0
DA:184,0
DA:185,0
DA:199,0
DA:206,0
DA:222,0
DA:223,0
DA:225,0
DA:226,0
DA:227,0
DA:231,0
DA:233,0
DA:235,0
DA:251,0
DA:252,0
DA:253,0
DA:254,0
DA:255,0
DA:256,0
DA:257,0
DA:258,0
DA:259,0
DA:261,0
DA:262,0
DA:268,0
DA:284,0
DA:285,0
DA:289,0
DA:295,0
DA:298,0
DA:305,0
DA:307,0
DA:308,0
DA:313,0
DA:314,0
DA:327,0
DA:336,0
DA:339,0
DA:346,0
DA:347,0
DA:350,0
DA:351,0
DA:353,0
DA:354,0
DA:360,0
DA:361,0
DA:367,0
DA:372,0
DA:375,0
DA:382,0
DA:384,0
DA:385,0
DA:390,0
DA:391,0
DA:395,0
DA:400,0
DA:403,0
DA:404,0
DA:405,0
DA:406,0
DA:407,0
DA:410,0
DA:411,0
DA:412,0
DA:415,0
DA:417,0
DA:424,0
DA:425,0
DA:443,0
DA:448,0
DA:455,0
DA:458,0
DA:470,0
DA:472,0
DA:473,0
DA:478,0
DA:481,0
DA:482,0
DA:483,0
DA:484,0
DA:485,0
DA:488,0
DA:489,0
DA:490,0
DA:492,0
DA:494,0
DA:495,0
DA:515,0
DA:520,0
DA:531,0
DA:534,0
DA:541,0
DA:543,0
DA:544,0
DA:549,0
DA:551,0
DA:552,0
DA:556,0
DA:561,0
DA:573,0
DA:575,0
DA:581,0
DA:587,0
DA:595,0
DA:601,0
DA:602,0
DA:604,0
DA:608,0
DA:614,0
DA:615,0
DA:618,0
DA:619,0
DA:624,0
LF:148
LH:10
BRDA:100,0,0,0
BRDA:100,0,1,0
BRDA:119,1,0,0
BRDA:119,1,1,0
BRDA:142,2,0,0
BRDA:142,2,1,0
BRDA:144,3,0,0
BRDA:144,3,1,0
BRDA:146,4,0,0
BRDA:146,4,1,0
BRDA:151,5,0,0
BRDA:151,5,1,0
BRDA:168,6,0,0
BRDA:168,6,1,0
BRDA:171,7,0,0
BRDA:171,7,1,0
BRDA:184,8,0,0
BRDA:184,8,1,0
BRDA:226,9,0,0
BRDA:226,9,1,0
BRDA:239,10,0,0
BRDA:239,10,1,0
BRDA:256,11,0,0
BRDA:256,11,1,0
BRDA:259,12,0,0
BRDA:259,12,1,0
BRDA:261,13,0,0
BRDA:261,13,1,0
BRDA:284,14,0,0
BRDA:284,14,1,0
BRDA:307,15,0,0
BRDA:307,15,1,0
BRDA:307,16,0,0
BRDA:307,16,1,0
BRDA:317,17,0,0
BRDA:317,17,1,0
BRDA:318,18,0,0
BRDA:318,18,1,0
BRDA:321,19,0,0
BRDA:321,19,1,0
BRDA:346,20,0,0
BRDA:346,20,1,0
BRDA:353,21,0,0
BRDA:353,21,1,0
BRDA:353,22,0,0
BRDA:353,22,1,0
BRDA:356,23,0,0
BRDA:356,23,1,0
BRDA:384,24,0,0
BRDA:384,24,1,0
BRDA:390,25,0,0
BRDA:390,25,1,0
BRDA:400,26,0,0
BRDA:400,26,1,0
BRDA:403,27,0,0
BRDA:403,27,1,0
BRDA:405,28,0,0
BRDA:405,28,1,0
BRDA:407,29,0,0
BRDA:407,29,1,0
BRDA:412,30,0,0
BRDA:412,30,1,0
BRDA:415,31,0,0
BRDA:415,31,1,0
BRDA:415,31,2,0
BRDA:472,32,0,0
BRDA:472,32,1,0
BRDA:481,33,0,0
BRDA:481,33,1,0
BRDA:481,33,2,0
BRDA:483,34,0,0
BRDA:483,34,1,0
BRDA:485,35,0,0
BRDA:485,35,1,0
BRDA:488,36,0,0
BRDA:488,36,1,0
BRDA:489,37,0,0
BRDA:489,37,1,0
BRDA:490,38,0,0
BRDA:490,38,1,0
BRDA:490,38,2,0
BRDA:498,39,0,0
BRDA:498,39,1,0
BRDA:499,40,0,0
BRDA:499,40,1,0
BRDA:500,41,0,0
BRDA:500,41,1,0
BRDA:503,42,0,0
BRDA:503,42,1,0
BRDA:504,43,0,0
BRDA:504,43,1,0
BRDA:507,44,0,0
BRDA:507,44,1,0
BRDA:543,45,0,0
BRDA:543,45,1,0
BRDA:601,46,0,0
BRDA:601,46,1,0
BRDA:614,47,0,0
BRDA:614,47,1,0
BRDA:618,48,0,0
BRDA:618,48,1,0
BRDA:78,49,0,2
BRDA:78,49,1,0
BRDA:78,50,0,2
BRDA:78,50,1,2
BRF:105
BRH:3
end_of_record
TN:
SF:src\orders\orders.controller.ts
FN:26,(anonymous_4)
FN:37,(anonymous_5)
FN:51,(anonymous_6)
FN:67,(anonymous_7)
FN:73,(anonymous_8)
FN:79,(anonymous_9)
FN:89,(anonymous_10)
FN:95,(anonymous_11)
FN:106,(anonymous_12)
FNF:9
FNH:9
FNDA:11,(anonymous_4)
FNDA:2,(anonymous_5)
FNDA:3,(anonymous_6)
FNDA:1,(anonymous_7)
FNDA:1,(anonymous_8)
FNDA:1,(anonymous_9)
FNDA:1,(anonymous_10)
FNDA:1,(anonymous_11)
FNDA:1,(anonymous_12)
DA:1,1
DA:13,1
DA:14,1
DA:15,1
DA:16,1
DA:25,1
DA:27,11
DA:28,11
DA:37,1
DA:42,2
DA:51,1
DA:52,3
DA:53,1
DA:55,2
DA:56,1
DA:58,1
DA:67,1
DA:68,1
DA:73,1
DA:74,1
DA:79,1
DA:84,1
DA:89,1
DA:90,1
DA:95,1
DA:101,1
DA:106,1
DA:111,1
LF:28
LH:28
BRDA:44,0,0,1
BRDA:44,0,1,1
BRDA:45,1,0,1
BRDA:45,1,1,1
BRDA:52,2,0,1
BRDA:52,2,1,2
BRDA:55,3,0,1
BRDA:55,3,1,1
BRDA:27,4,0,1
BRDA:27,4,1,0
BRDA:27,5,0,1
BRDA:27,5,1,1
BRDA:27,6,0,1
BRDA:27,6,1,0
BRDA:27,7,0,1
BRDA:27,7,1,1
BRF:16
BRH:14
end_of_record
TN:
SF:src\orders\orders.service.ts
FN:26,(anonymous_4)
FN:28,(anonymous_5)
FN:39,(anonymous_6)
FN:101,(anonymous_7)
FN:118,(anonymous_8)
FN:129,(anonymous_9)
FN:148,(anonymous_10)
FN:165,(anonymous_11)
FN:188,(anonymous_12)
FNF:9
FNH:7
FNDA:5,(anonymous_4)
FNDA:10,(anonymous_5)
FNDA:3,(anonymous_6)
FNDA:2,(anonymous_7)
FNDA:2,(anonymous_8)
FNDA:2,(anonymous_9)
FNDA:2,(anonymous_10)
FNDA:0,(anonymous_11)
FNDA:0,(anonymous_12)
DA:1,2
DA:2,2
DA:3,2
DA:5,2
DA:6,2
DA:25,2
DA:26,5
DA:29,10
DA:40,3
DA:41,3
DA:42,3
DA:43,3
DA:46,3
DA:61,3
DA:62,1
DA:72,3
DA:86,3
DA:87,1
DA:97,3
DA:100,3
DA:101,3
DA:102,3
DA:103,2
DA:112,2
DA:113,2
DA:117,3
DA:118,2
DA:129,2
DA:143,3
DA:145,3
DA:149,2
DA:155,2
DA:156,1
DA:158,1
DA:166,0
DA:171,0
DA:172,0
DA:175,0
DA:176,0
DA:188,0
LF:40
LH:34
BRDA:40,0,0,3
BRDA:40,0,1,3
BRDA:41,1,0,3
BRDA:41,1,1,2
BRDA:43,2,0,1
BRDA:43,2,1,2
BRDA:61,3,0,1
BRDA:61,3,1,2
BRDA:86,4,0,1
BRDA:86,4,1,2
BRDA:102,5,0,2
BRDA:102,5,1,1
BRDA:120,6,0,2
BRDA:120,6,1,0
BRDA:121,7,0,2
BRDA:121,7,1,0
BRDA:122,8,0,2
BRDA:122,8,1,0
BRDA:123,9,0,2
BRDA:123,9,1,0
BRDA:125,10,0,2
BRDA:125,10,1,0
BRDA:126,11,0,2
BRDA:126,11,1,0
BRDA:127,12,0,2
BRDA:127,12,1,0
BRDA:131,13,0,2
BRDA:131,13,1,0
BRDA:132,14,0,2
BRDA:132,14,1,0
BRDA:133,15,0,2
BRDA:133,15,1,0
BRDA:137,16,0,2
BRDA:137,16,1,0
BRDA:138,17,0,2
BRDA:138,17,1,0
BRDA:155,18,0,1
BRDA:155,18,1,1
BRDA:171,19,0,0
BRDA:171,19,1,0
BRDA:190,20,0,0
BRDA:190,20,1,0
BRF:42
BRH:26
end_of_record
TN:
SF:src\products\products.controller.ts
FN:14,(anonymous_4)
FN:18,(anonymous_5)
FN:32,(anonymous_6)
FNF:3
FNH:3
FNDA:4,(anonymous_4)
FNDA:3,(anonymous_5)
FNDA:1,(anonymous_6)
DA:1,1
DA:2,1
DA:3,1
DA:4,1
DA:13,1
DA:14,4
DA:18,1
DA:23,3
DA:32,1
DA:33,1
LF:10
LH:10
BRDA:25,0,0,1
BRDA:25,0,1,2
BRDA:26,1,0,1
BRDA:26,1,1,2
BRDA:14,2,0,1
BRDA:14,2,1,0
BRDA:14,3,0,1
BRDA:14,3,1,1
BRF:8
BRH:7
end_of_record
TN:
SF:src\products\products.service.ts
FN:9,(anonymous_4)
FN:11,(anonymous_5)
FN:15,(anonymous_6)
FN:41,(anonymous_7)
FNF:4
FNH:4
FNDA:5,(anonymous_4)
FNDA:5,(anonymous_5)
FNDA:3,(anonymous_6)
FNDA:2,(anonymous_7)
DA:1,2
DA:2,2
DA:3,2
DA:5,2
DA:8,2
DA:9,5
DA:12,5
DA:16,3
DA:17,3
DA:18,3
DA:20,3
DA:22,3
DA:23,1
DA:24,1
DA:33,3
DA:38,3
DA:42,2
DA:48,2
DA:49,1
DA:51,1
LF:20
LH:20
BRDA:16,0,0,3
BRDA:16,0,1,3
BRDA:17,1,0,3
BRDA:17,1,1,2
BRDA:22,2,0,1
BRDA:22,2,1,2
BRDA:48,3,0,1
BRDA:48,3,1,1
BRF:8
BRH:8
end_of_record
