TN:
SF:src\accounts\accounts.controller.ts
FN:14,(anonymous_4)
FN:18,(anonymous_5)
FN:32,(anonymous_6)
FNF:3
FNH:3
FNDA:4,(anonymous_4)
FNDA:3,(anonymous_5)
FNDA:1,(anonymous_6)
DA:1,1
DA:2,1
DA:3,1
DA:4,1
DA:13,1
DA:14,4
DA:18,1
DA:23,3
DA:32,1
DA:33,1
LF:10
LH:10
BRDA:25,0,0,1
BRDA:25,0,1,2
BRDA:26,1,0,1
BRDA:26,1,1,2
BRDA:14,2,0,1
BRDA:14,2,1,0
BRDA:14,3,0,1
BRDA:14,3,1,1
BRF:8
BRH:7
end_of_record
TN:
SF:src\accounts\accounts.service.ts
FN:9,(anonymous_4)
FN:11,(anonymous_5)
FN:15,(anonymous_6)
FN:41,(anonymous_7)
FNF:4
FNH:4
FNDA:6,(anonymous_4)
FNDA:6,(anonymous_5)
FNDA:4,(anonymous_6)
FNDA:2,(anonymous_7)
DA:1,2
DA:2,2
DA:3,2
DA:5,2
DA:8,2
DA:9,6
DA:12,6
DA:16,4
DA:17,4
DA:18,4
DA:20,4
DA:22,4
DA:23,1
DA:24,1
DA:33,4
DA:38,4
DA:42,2
DA:48,2
DA:49,1
DA:51,1
LF:20
LH:20
BRDA:16,0,0,4
BRDA:16,0,1,3
BRDA:17,1,0,4
BRDA:17,1,1,2
BRDA:22,2,0,1
BRDA:22,2,1,3
BRDA:48,3,0,1
BRDA:48,3,1,1
BRF:8
BRH:8
end_of_record
TN:
SF:src\auth\auth.controller.ts
FN:13,(anonymous_4)
FN:16,(anonymous_5)
FNF:2
FNH:2
FNDA:3,(anonymous_4)
FNDA:3,(anonymous_5)
DA:1,1
DA:2,1
DA:3,1
DA:12,1
DA:13,3
DA:16,1
DA:17,3
LF:7
LH:7
BRDA:13,0,0,1
BRDA:13,0,1,0
BRDA:13,1,0,1
BRDA:13,1,1,1
BRF:4
BRH:3
end_of_record
TN:
SF:src\auth\auth.service.ts
FN:5,requireEnv
FN:36,(anonymous_12)
FN:38,(anonymous_13)
FN:39,(anonymous_14)
FNF:4
FNH:4
FNDA:2,requireEnv
FNDA:4,(anonymous_12)
FNDA:4,(anonymous_13)
FNDA:6,(anonymous_14)
DA:1,1
DA:2,1
DA:3,1
DA:6,2
DA:7,2
DA:8,0
DA:12,2
DA:19,1
DA:35,1
DA:36,4
DA:39,6
DA:40,4
DA:41,1
DA:44,3
DA:45,3
DA:46,1
DA:49,2
DA:55,2
LF:18
LH:17
BRDA:7,0,0,0
BRDA:7,0,1,2
BRDA:40,1,0,1
BRDA:40,1,1,3
BRDA:45,2,0,1
BRDA:45,2,1,2
BRDA:36,3,0,1
BRDA:36,3,1,0
BRDA:36,4,0,1
BRDA:36,4,1,1
BRF:10
BRH:8
end_of_record
TN:
SF:src\auth\casbin.guard.ts
FN:16,(anonymous_11)
FN:18,(anonymous_12)
FN:28,(anonymous_13)
FN:34,(anonymous_14)
FN:36,(anonymous_15)
FN:45,(anonymous_16)
FNF:6
FNH:6
FNDA:6,(anonymous_11)
FNDA:18,(anonymous_12)
FNDA:2,(anonymous_13)
FNDA:37,(anonymous_14)
FNDA:5,(anonymous_15)
FNDA:10,(anonymous_16)
DA:1,9
DA:8,9
DA:9,9
DA:10,9
DA:13,9
DA:14,9
DA:15,9
DA:16,9
DA:17,6
DA:18,9
DA:19,18
DA:27,9
DA:28,9
DA:31,9
DA:32,37
DA:34,37
DA:37,5
DA:38,5
DA:39,5
DA:40,5
DA:42,5
DA:47,10
DA:51,10
DA:52,1
DA:55,9
DA:59,9
DA:65,9
DA:66,3
DA:72,6
DA:73,6
DA:75,6
DA:76,1
DA:79,5
DA:80,5
DA:82,5
DA:83,2
DA:88,3
LF:37
LH:37
BRDA:37,0,0,5
BRDA:37,0,1,0
BRDA:51,1,0,1
BRDA:51,1,1,9
BRDA:65,2,0,3
BRDA:65,2,1,6
BRDA:65,3,0,9
BRDA:65,3,1,7
BRDA:75,4,0,1
BRDA:75,4,1,5
BRDA:82,5,0,2
BRDA:82,5,1,3
BRDA:34,6,0,9
BRDA:34,6,1,0
BRDA:34,7,0,9
BRDA:34,7,1,9
BRF:16
BRH:14
end_of_record
TN:
SF:src\dashboard\dashboard.controller.ts
FN:14,(anonymous_2)
FN:18,(anonymous_3)
FNF:2
FNH:2
FNDA:1,(anonymous_2)
FNDA:1,(anonymous_3)
DA:1,1
DA:2,1
DA:3,1
DA:4,1
DA:13,1
DA:14,1
DA:18,1
DA:19,1
LF:8
LH:8
BRDA:14,0,0,1
BRDA:14,0,1,0
BRDA:14,1,0,1
BRDA:14,1,1,1
BRF:4
BRH:3
end_of_record
TN:
SF:src\dashboard\dashboard.service.ts
FN:9,(anonymous_4)
FN:11,(anonymous_5)
FN:15,(anonymous_6)
FNF:3
FNH:3
FNDA:1,(anonymous_4)
FNDA:4,(anonymous_5)
FNDA:1,(anonymous_6)
DA:1,2
DA:2,2
DA:3,2
DA:5,2
DA:8,2
DA:9,1
DA:12,4
DA:16,1
DA:20,1
DA:24,1
DA:28,1
DA:32,1
LF:12
LH:12
BRF:0
BRH:0
end_of_record
TN:
SF:src\gst\gst-categories.controller.ts
FN:10,(anonymous_4)
FN:14,(anonymous_5)
FN:20,(anonymous_6)
FNF:3
FNH:3
FNDA:2,(anonymous_4)
FNDA:1,(anonymous_5)
FNDA:1,(anonymous_6)
DA:1,1
DA:2,1
DA:3,1
DA:4,1
DA:9,1
DA:10,2
DA:14,1
DA:15,1
DA:20,1
DA:21,1
LF:10
LH:10
BRDA:10,0,0,1
BRDA:10,0,1,0
BRDA:10,1,0,1
BRDA:10,1,1,1
BRF:4
BRH:3
end_of_record
TN:
SF:src\gst\gst-categories.service.ts
FN:9,(anonymous_4)
FN:11,(anonymous_5)
FN:15,(anonymous_6)
FN:19,(anonymous_7)
FN:31,(anonymous_8)
FN:43,(anonymous_9)
FNF:6
FNH:6
FNDA:7,(anonymous_4)
FNDA:9,(anonymous_5)
FNDA:1,(anonymous_6)
FNDA:2,(anonymous_7)
FNDA:3,(anonymous_8)
FNDA:3,(anonymous_9)
DA:1,4
DA:2,4
DA:3,4
DA:5,4
DA:8,4
DA:9,7
DA:12,9
DA:16,1
DA:20,2
DA:25,2
DA:26,1
DA:28,1
DA:32,3
DA:37,3
DA:38,2
DA:40,1
DA:44,3
DA:49,3
DA:50,2
DA:52,1
LF:20
LH:20
BRDA:25,0,0,1
BRDA:25,0,1,1
BRDA:37,1,0,2
BRDA:37,1,1,1
BRDA:49,2,0,2
BRDA:49,2,1,1
BRF:6
BRH:6
end_of_record
TN:
SF:src\inventory\inventory.controller.ts
FN:14,(anonymous_4)
FN:18,(anonymous_5)
FN:34,(anonymous_6)
FN:36,(anonymous_7)
FN:43,(anonymous_8)
FNF:5
FNH:3
FNDA:5,(anonymous_4)
FNDA:3,(anonymous_5)
FNDA:0,(anonymous_6)
FNDA:0,(anonymous_7)
FNDA:2,(anonymous_8)
DA:1,1
DA:2,1
DA:3,1
DA:4,1
DA:13,1
DA:14,5
DA:18,1
DA:24,3
DA:34,1
DA:35,0
DA:36,0
DA:38,0
DA:43,1
DA:49,2
LF:14
LH:11
BRDA:26,0,0,1
BRDA:26,0,1,2
BRDA:27,1,0,1
BRDA:27,1,1,2
BRDA:35,2,0,0
BRDA:35,2,1,0
BRDA:51,3,0,1
BRDA:51,3,1,1
BRDA:52,4,0,1
BRDA:52,4,1,1
BRDA:14,5,0,1
BRDA:14,5,1,0
BRDA:14,6,0,1
BRDA:14,6,1,1
BRF:14
BRH:11
end_of_record
TN:
SF:src\inventory\inventory.service.ts
FN:9,(anonymous_4)
FN:11,(anonymous_5)
FN:15,(anonymous_6)
FN:49,(anonymous_7)
FN:61,(anonymous_8)
FNF:5
FNH:5
FNDA:11,(anonymous_4)
FNDA:10,(anonymous_5)
FNDA:5,(anonymous_6)
FNDA:2,(anonymous_7)
FNDA:4,(anonymous_8)
DA:1,2
DA:2,2
DA:3,2
DA:5,2
DA:8,2
DA:9,11
DA:12,10
DA:16,5
DA:17,5
DA:18,5
DA:20,5
DA:22,5
DA:23,2
DA:24,2
DA:33,5
DA:34,2
DA:37,5
DA:42,5
DA:50,2
DA:52,1
DA:58,1
DA:62,4
DA:63,4
DA:64,4
DA:66,4
DA:68,4
DA:69,2
DA:70,2
DA:79,4
DA:80,2
DA:83,4
DA:88,4
LF:32
LH:32
BRDA:16,0,0,5
BRDA:16,0,1,5
BRDA:17,1,0,5
BRDA:17,1,1,4
BRDA:22,2,0,2
BRDA:22,2,1,3
BRDA:33,3,0,2
BRDA:33,3,1,3
BRDA:50,4,0,1
BRDA:50,4,1,1
BRDA:62,5,0,4
BRDA:62,5,1,4
BRDA:63,6,0,4
BRDA:63,6,1,4
BRDA:68,7,0,2
BRDA:68,7,1,2
BRDA:79,8,0,2
BRDA:79,8,1,2
BRF:18
BRH:18
end_of_record
TN:
SF:src\orders\orders-write.service.ts
FN:76,(anonymous_4)
FN:81,(anonymous_5)
FN:88,(anonymous_6)
FN:111,(anonymous_7)
FN:144,(anonymous_8)
FN:191,(anonymous_9)
FN:220,(anonymous_10)
FN:243,(anonymous_11)
FN:250,(anonymous_12)
FN:279,(anonymous_13)
FN:294,(anonymous_14)
FN:364,(anonymous_15)
FN:373,(anonymous_16)
FN:405,(anonymous_17)
FN:420,(anonymous_18)
FN:441,(anonymous_19)
FN:480,(anonymous_20)
FN:520,(anonymous_21)
FN:556,(anonymous_22)
FN:602,(anonymous_23)
FN:613,(anonymous_24)
FN:634,(anonymous_25)
FN:656,(anonymous_26)
FN:669,(anonymous_27)
FNF:24
FNH:24
FNDA:61,(anonymous_4)
FNDA:151,(anonymous_5)
FNDA:8,(anonymous_6)
FNDA:18,(anonymous_7)
FNDA:20,(anonymous_8)
FNDA:10,(anonymous_9)
FNDA:28,(anonymous_10)
FNDA:12,(anonymous_11)
FNDA:29,(anonymous_12)
FNDA:10,(anonymous_13)
FNDA:8,(anonymous_14)
FNDA:5,(anonymous_15)
FNDA:2,(anonymous_16)
FNDA:20,(anonymous_17)
FNDA:11,(anonymous_18)
FNDA:7,(anonymous_19)
FNDA:4,(anonymous_20)
FNDA:7,(anonymous_21)
FNDA:2,(anonymous_22)
FNDA:5,(anonymous_23)
FNDA:2,(anonymous_24)
FNDA:2,(anonymous_25)
FNDA:45,(anonymous_26)
FNDA:6,(anonymous_27)
DA:1,2
DA:7,2
DA:8,2
DA:10,2
DA:16,2
DA:17,2
DA:18,2
DA:21,2
DA:31,2
DA:75,2
DA:77,61
DA:78,61
DA:82,151
DA:89,8
DA:90,8
DA:93,8
DA:100,8
DA:104,8
DA:117,18
DA:118,18
DA:119,18
DA:120,18
DA:121,18
DA:122,18
DA:129,2
DA:150,20
DA:151,1
DA:152,1
DA:156,19
DA:162,19
DA:164,19
DA:165,2
DA:166,2
DA:170,17
DA:171,16
DA:172,16
DA:173,16
DA:174,16
DA:175,14
DA:176,14
DA:182,3
DA:183,3
DA:195,10
DA:205,10
DA:206,1
DA:209,9
DA:224,28
DA:233,28
DA:234,1
DA:237,27
DA:244,12
DA:257,29
DA:264,29
DA:280,10
DA:283,9
DA:284,9
DA:286,9
DA:287,8
DA:288,8
DA:292,8
DA:294,8
DA:296,8
DA:313,8
DA:314,8
DA:315,7
DA:316,7
DA:321,7
DA:322,7
DA:328,7
DA:344,8
DA:345,7
DA:349,8
DA:355,8
DA:358,8
DA:365,5
DA:367,4
DA:368,2
DA:373,2
DA:374,2
DA:387,2
DA:396,2
DA:399,2
DA:406,20
DA:407,1
DA:410,19
DA:411,19
DA:413,19
DA:414,8
DA:420,11
DA:421,11
DA:427,11
DA:432,11
DA:435,11
DA:442,7
DA:444,7
DA:445,3
DA:450,4
DA:451,4
DA:455,4
DA:460,4
DA:463,4
DA:468,4
DA:469,4
DA:471,4
DA:473,4
DA:480,4
DA:481,4
DA:499,4
DA:504,4
DA:511,4
DA:514,4
DA:526,7
DA:528,7
DA:529,3
DA:534,4
DA:537,2
DA:538,2
DA:539,2
DA:541,0
DA:542,0
DA:543,0
DA:544,2
DA:546,2
DA:547,2
DA:550,2
DA:551,2
DA:552,2
DA:554,2
DA:556,2
DA:557,2
DA:577,2
DA:582,2
DA:593,2
DA:596,2
DA:603,5
DA:605,5
DA:606,3
DA:611,2
DA:613,2
DA:614,2
DA:618,2
DA:623,2
DA:635,2
DA:637,1
DA:643,1
DA:649,1
DA:657,45
DA:663,45
DA:664,2
DA:666,43
DA:670,6
DA:676,6
DA:677,1
DA:680,5
DA:681,1
DA:686,4
LF:156
LH:153
BRDA:100,0,0,0
BRDA:100,0,1,8
BRDA:119,1,0,18
BRDA:119,1,1,0
BRDA:150,2,0,1
BRDA:150,2,1,19
BRDA:152,3,0,1
BRDA:152,3,1,0
BRDA:162,4,0,19
BRDA:162,4,1,0
BRDA:164,5,0,2
BRDA:164,5,1,17
BRDA:166,6,0,2
BRDA:166,6,1,0
BRDA:170,7,0,16
BRDA:170,7,1,1
BRDA:172,8,0,16
BRDA:172,8,1,0
BRDA:174,9,0,14
BRDA:174,9,1,2
BRDA:176,10,0,14
BRDA:176,10,1,0
BRDA:183,11,0,3
BRDA:183,11,1,0
BRDA:205,12,0,1
BRDA:205,12,1,9
BRDA:210,13,0,9
BRDA:210,13,1,0
BRDA:211,14,0,9
BRDA:211,14,1,9
BRDA:233,15,0,1
BRDA:233,15,1,27
BRDA:283,16,0,8
BRDA:283,16,1,1
BRDA:287,17,0,8
BRDA:287,17,1,0
BRDA:300,18,0,8
BRDA:300,18,1,8
BRDA:321,19,0,7
BRDA:321,19,1,7
BRDA:344,20,0,7
BRDA:344,20,1,1
BRDA:367,21,0,2
BRDA:367,21,1,2
BRDA:367,22,0,4
BRDA:367,22,1,3
BRDA:377,23,0,2
BRDA:377,23,1,2
BRDA:378,24,0,2
BRDA:378,24,1,0
BRDA:381,25,0,2
BRDA:381,25,1,0
BRDA:406,26,0,1
BRDA:406,26,1,19
BRDA:413,27,0,8
BRDA:413,27,1,11
BRDA:413,28,0,19
BRDA:413,28,1,19
BRDA:416,29,0,8
BRDA:416,29,1,2
BRDA:444,30,0,3
BRDA:444,30,1,4
BRDA:450,31,0,4
BRDA:450,31,1,0
BRDA:460,32,0,4
BRDA:460,32,1,0
BRDA:464,33,0,4
BRDA:464,33,1,0
BRDA:471,34,0,4
BRDA:471,34,1,4
BRDA:471,34,2,0
BRDA:528,35,0,3
BRDA:528,35,1,4
BRDA:537,36,0,2
BRDA:537,36,1,0
BRDA:539,37,0,0
BRDA:539,37,1,2
BRDA:543,38,0,0
BRDA:543,38,1,0
BRDA:544,39,0,2
BRDA:544,39,1,0
BRDA:547,40,0,2
BRDA:547,40,1,0
BRDA:550,41,0,2
BRDA:550,41,1,0
BRDA:551,42,0,2
BRDA:551,42,1,2
BRDA:552,43,0,2
BRDA:552,43,1,2
BRDA:552,43,2,0
BRDA:560,44,0,2
BRDA:560,44,1,2
BRDA:561,45,0,2
BRDA:561,45,1,0
BRDA:562,46,0,2
BRDA:562,46,1,0
BRDA:565,47,0,2
BRDA:565,47,1,0
BRDA:566,48,0,2
BRDA:566,48,1,0
BRDA:569,49,0,2
BRDA:569,49,1,0
BRDA:605,50,0,3
BRDA:605,50,1,2
BRDA:663,51,0,2
BRDA:663,51,1,43
BRDA:676,52,0,1
BRDA:676,52,1,5
BRDA:680,53,0,1
BRDA:680,53,1,4
BRDA:78,54,0,2
BRDA:78,54,1,0
BRDA:78,55,0,2
BRDA:78,55,1,2
BRF:114
BRH:84
end_of_record
TN:
SF:src\orders\orders.controller.ts
FN:26,(anonymous_4)
FN:37,(anonymous_5)
FN:51,(anonymous_6)
FN:67,(anonymous_7)
FN:73,(anonymous_8)
FN:79,(anonymous_9)
FN:89,(anonymous_10)
FN:95,(anonymous_11)
FN:106,(anonymous_12)
FNF:9
FNH:9
FNDA:11,(anonymous_4)
FNDA:2,(anonymous_5)
FNDA:3,(anonymous_6)
FNDA:1,(anonymous_7)
FNDA:1,(anonymous_8)
FNDA:1,(anonymous_9)
FNDA:1,(anonymous_10)
FNDA:1,(anonymous_11)
FNDA:1,(anonymous_12)
DA:1,1
DA:13,1
DA:14,1
DA:15,1
DA:16,1
DA:25,1
DA:27,11
DA:28,11
DA:37,1
DA:42,2
DA:51,1
DA:52,3
DA:53,1
DA:55,2
DA:56,1
DA:58,1
DA:67,1
DA:68,1
DA:73,1
DA:74,1
DA:79,1
DA:84,1
DA:89,1
DA:90,1
DA:95,1
DA:101,1
DA:106,1
DA:111,1
LF:28
LH:28
BRDA:44,0,0,1
BRDA:44,0,1,1
BRDA:45,1,0,1
BRDA:45,1,1,1
BRDA:52,2,0,1
BRDA:52,2,1,2
BRDA:55,3,0,1
BRDA:55,3,1,1
BRDA:27,4,0,1
BRDA:27,4,1,0
BRDA:27,5,0,1
BRDA:27,5,1,1
BRDA:27,6,0,1
BRDA:27,6,1,0
BRDA:27,7,0,1
BRDA:27,7,1,1
BRF:16
BRH:14
end_of_record
TN:
SF:src\orders\orders.service.ts
FN:26,(anonymous_4)
FN:28,(anonymous_5)
FN:39,(anonymous_6)
FN:101,(anonymous_7)
FN:118,(anonymous_8)
FN:129,(anonymous_9)
FN:148,(anonymous_10)
FN:165,(anonymous_11)
FN:188,(anonymous_12)
FNF:9
FNH:9
FNDA:7,(anonymous_4)
FNDA:12,(anonymous_5)
FNDA:3,(anonymous_6)
FNDA:2,(anonymous_7)
FNDA:2,(anonymous_8)
FNDA:2,(anonymous_9)
FNDA:2,(anonymous_10)
FNDA:2,(anonymous_11)
FNDA:2,(anonymous_12)
DA:1,2
DA:2,2
DA:3,2
DA:5,2
DA:6,2
DA:25,2
DA:26,7
DA:29,12
DA:40,3
DA:41,3
DA:42,3
DA:43,3
DA:46,3
DA:61,3
DA:62,1
DA:72,3
DA:86,3
DA:87,1
DA:97,3
DA:100,3
DA:101,3
DA:102,3
DA:103,2
DA:112,2
DA:113,2
DA:117,3
DA:118,2
DA:129,2
DA:143,3
DA:145,3
DA:149,2
DA:155,2
DA:156,1
DA:158,1
DA:166,2
DA:171,2
DA:172,1
DA:175,1
DA:176,1
DA:188,2
LF:40
LH:40
BRDA:40,0,0,3
BRDA:40,0,1,3
BRDA:41,1,0,3
BRDA:41,1,1,2
BRDA:43,2,0,1
BRDA:43,2,1,2
BRDA:61,3,0,1
BRDA:61,3,1,2
BRDA:86,4,0,1
BRDA:86,4,1,2
BRDA:102,5,0,2
BRDA:102,5,1,1
BRDA:120,6,0,2
BRDA:120,6,1,0
BRDA:121,7,0,2
BRDA:121,7,1,0
BRDA:122,8,0,2
BRDA:122,8,1,0
BRDA:123,9,0,2
BRDA:123,9,1,0
BRDA:125,10,0,2
BRDA:125,10,1,0
BRDA:126,11,0,2
BRDA:126,11,1,0
BRDA:127,12,0,2
BRDA:127,12,1,0
BRDA:131,13,0,2
BRDA:131,13,1,0
BRDA:132,14,0,2
BRDA:132,14,1,0
BRDA:133,15,0,2
BRDA:133,15,1,0
BRDA:137,16,0,2
BRDA:137,16,1,0
BRDA:138,17,0,2
BRDA:138,17,1,0
BRDA:155,18,0,1
BRDA:155,18,1,1
BRDA:171,19,0,1
BRDA:171,19,1,1
BRDA:190,20,0,2
BRDA:190,20,1,0
BRF:42
BRH:29
end_of_record
TN:
SF:src\products\products.controller.ts
FN:14,(anonymous_4)
FN:18,(anonymous_5)
FN:32,(anonymous_6)
FNF:3
FNH:3
FNDA:4,(anonymous_4)
FNDA:3,(anonymous_5)
FNDA:1,(anonymous_6)
DA:1,1
DA:2,1
DA:3,1
DA:4,1
DA:13,1
DA:14,4
DA:18,1
DA:23,3
DA:32,1
DA:33,1
LF:10
LH:10
BRDA:25,0,0,1
BRDA:25,0,1,2
BRDA:26,1,0,1
BRDA:26,1,1,2
BRDA:14,2,0,1
BRDA:14,2,1,0
BRDA:14,3,0,1
BRDA:14,3,1,1
BRF:8
BRH:7
end_of_record
TN:
SF:src\products\products.service.ts
FN:9,(anonymous_4)
FN:11,(anonymous_5)
FN:15,(anonymous_6)
FN:41,(anonymous_7)
FNF:4
FNH:4
FNDA:5,(anonymous_4)
FNDA:5,(anonymous_5)
FNDA:3,(anonymous_6)
FNDA:2,(anonymous_7)
DA:1,2
DA:2,2
DA:3,2
DA:5,2
DA:8,2
DA:9,5
DA:12,5
DA:16,3
DA:17,3
DA:18,3
DA:20,3
DA:22,3
DA:23,1
DA:24,1
DA:33,3
DA:38,3
DA:42,2
DA:48,2
DA:49,1
DA:51,1
LF:20
LH:20
BRDA:16,0,0,3
BRDA:16,0,1,3
BRDA:17,1,0,3
BRDA:17,1,1,2
BRDA:22,2,0,1
BRDA:22,2,1,2
BRDA:48,3,0,1
BRDA:48,3,1,1
BRF:8
BRH:8
end_of_record
TN:
SF:src\telemetry\telemetry.controller.ts
FN:28,(anonymous_4)
FNF:1
FNH:1
FNDA:4,(anonymous_4)
DA:1,1
DA:2,1
DA:23,1
DA:24,4
DA:28,1
DA:29,4
DA:30,2
DA:33,2
LF:8
LH:8
BRDA:29,0,0,2
BRDA:29,0,1,2
BRDA:29,1,0,4
BRDA:29,1,1,3
BRDA:37,2,0,2
BRDA:37,2,1,1
BRDA:38,3,0,2
BRDA:38,3,1,1
BRDA:39,4,0,2
BRDA:39,4,1,1
BRF:10
BRH:10
end_of_record
