{"numFailedTestSuites":1,"numFailedTests":1,"numPassedTestSuites":0,"numPassedTests":0,"numPendingTestSuites":0,"numPendingTests":0,"numRuntimeErrorTestSuites":0,"numTodoTests":0,"numTotalTestSuites":1,"numTotalTests":1,"openHandles":[],"snapshot":{"added":0,"didUpdate":false,"failure":false,"filesAdded":0,"filesRemoved":0,"filesRemovedList":[],"filesUnmatched":0,"filesUpdated":0,"matched":0,"total":0,"unchecked":0,"uncheckedKeysByFile":[],"unmatched":0,"updated":0},"startTime":1775160379022,"success":false,"testResults":[{"assertionResults":[{"ancestorTitles":["Supplier Groups (e2e)"],"duration":25,"failing":false,"failureDetails":[{"matcherResult":{"actual":500,"expected":201,"message":"\u001b[2mexpect(\u001b[22m\u001b[31mreceived\u001b[39m\u001b[2m).\u001b[22mtoBe\u001b[2m(\u001b[22m\u001b[32mexpected\u001b[39m\u001b[2m) // Object.is equality\u001b[22m\n\nExpected: \u001b[32m201\u001b[39m\nReceived: \u001b[31m500\u001b[39m","name":"toBe","pass":false}}],"failureMessages":["Error: \u001b[2mexpect(\u001b[22m\u001b[31mreceived\u001b[39m\u001b[2m).\u001b[22mtoBe\u001b[2m(\u001b[22m\u001b[32mexpected\u001b[39m\u001b[2m) // Object.is equality\u001b[22m\n\nExpected: \u001b[32m201\u001b[39m\nReceived: \u001b[31m500\u001b[39m\n    at Object.<anonymous> (C:\\Users\\Marcel\\volz\\modbm\\modbm\\apps\\api\\test\\supplier-groups.e2e-spec.ts:51:30)\n    at processTicksAndRejections (node:internal/process/task_queues:103:5)"],"fullName":"Supplier Groups (e2e) CRUD /api/supplier-groups — full lifecycle","invocations":1,"location":null,"numPassingAsserts":0,"retryReasons":[],"startAt":1775160380153,"status":"failed","title":"CRUD /api/supplier-groups — full lifecycle"}],"endTime":1775160380190,"message":"\u001b[1m\u001b[31m  \u001b[1m● \u001b[22m\u001b[1mSupplier Groups (e2e) › CRUD /api/supplier-groups — full lifecycle\u001b[39m\u001b[22m\n\n    \u001b[2mexpect(\u001b[22m\u001b[31mreceived\u001b[39m\u001b[2m).\u001b[22mtoBe\u001b[2m(\u001b[22m\u001b[32mexpected\u001b[39m\u001b[2m) // Object.is equality\u001b[22m\n\n    Expected: \u001b[32m201\u001b[39m\n    Received: \u001b[31m500\u001b[39m\n\u001b[2m\u001b[22m\n\u001b[2m    \u001b[0m \u001b[90m 49 |\u001b[39m         name\u001b[33m:\u001b[39m \u001b[32m'E2E Test Supplier Group'\u001b[39m\u001b[33m,\u001b[39m\u001b[22m\n\u001b[2m     \u001b[90m 50 |\u001b[39m       })\u001b[33m;\u001b[39m\u001b[22m\n\u001b[2m    \u001b[31m\u001b[1m>\u001b[22m\u001b[2m\u001b[39m\u001b[90m 51 |\u001b[39m     expect(createRes\u001b[33m.\u001b[39mstatus)\u001b[33m.\u001b[39mtoBe(\u001b[35m201\u001b[39m)\u001b[33m;\u001b[39m\u001b[22m\n\u001b[2m     \u001b[90m    |\u001b[39m                              \u001b[31m\u001b[1m^\u001b[22m\u001b[2m\u001b[39m\u001b[22m\n\u001b[2m     \u001b[90m 52 |\u001b[39m     expect(createRes\u001b[33m.\u001b[39mbody\u001b[33m.\u001b[39msupplierGroupId)\u001b[33m.\u001b[39mtoBeDefined()\u001b[33m;\u001b[39m\u001b[22m\n\u001b[2m     \u001b[90m 53 |\u001b[39m     expect(createRes\u001b[33m.\u001b[39mbody\u001b[33m.\u001b[39mgroupCode)\u001b[33m.\u001b[39mtoBe(groupCode)\u001b[33m;\u001b[39m\u001b[22m\n\u001b[2m     \u001b[90m 54 |\u001b[39m     \u001b[36mconst\u001b[39m groupId \u001b[33m=\u001b[39m createRes\u001b[33m.\u001b[39mbody\u001b[33m.\u001b[39msupplierGroupId\u001b[33m;\u001b[39m\u001b[0m\u001b[22m\n\u001b[2m\u001b[22m\n\u001b[2m      \u001b[2mat Object.<anonymous> (\u001b[22m\u001b[2m\u001b[0m\u001b[36msupplier-groups.e2e-spec.ts\u001b[39m\u001b[0m\u001b[2m:51:30)\u001b[22m\u001b[2m\u001b[22m\n","name":"C:\\Users\\Marcel\\volz\\modbm\\modbm\\apps\\api\\test\\supplier-groups.e2e-spec.ts","startTime":1775160379186,"status":"failed","summary":""}],"wasInterrupted":false}
